INFO [2021-05-09 01:06:30] [[1]]
INFO [2021-05-09 01:06:30] l.list
INFO [2021-05-09 01:06:30] 
INFO [2021-05-09 01:06:30] $fill
INFO [2021-05-09 01:06:30] loonR::get.palette.color(palette = palette, n = length(l.list))
INFO [2021-05-09 01:06:30] 
INFO [2021-05-09 01:06:30] $alpha
INFO [2021-05-09 01:06:30] alpha
INFO [2021-05-09 01:06:30] 
INFO [2021-05-09 01:06:30] $cex
INFO [2021-05-09 01:06:30] [1] 2
INFO [2021-05-09 01:06:30] 
INFO [2021-05-09 01:06:30] $cat.fontfamily
INFO [2021-05-09 01:06:30] [1] "arial"
INFO [2021-05-09 01:06:30] 
INFO [2021-05-09 01:06:30] $lty
INFO [2021-05-09 01:06:30] [1] 2
INFO [2021-05-09 01:06:30] 
INFO [2021-05-09 01:06:30] $filename
INFO [2021-05-09 01:06:30] NULL
INFO [2021-05-09 01:06:30] 
