INFO [2021-05-09 01:01:23] [[1]]
INFO [2021-05-09 01:01:23] l.list
INFO [2021-05-09 01:01:23] 
INFO [2021-05-09 01:01:23] $fill
INFO [2021-05-09 01:01:23] loonR::get.palette.color(palette = palette, n = length(l.list))
INFO [2021-05-09 01:01:23] 
INFO [2021-05-09 01:01:23] $alpha
INFO [2021-05-09 01:01:23] alpha
INFO [2021-05-09 01:01:23] 
INFO [2021-05-09 01:01:23] $cex
INFO [2021-05-09 01:01:23] [1] 2
INFO [2021-05-09 01:01:23] 
INFO [2021-05-09 01:01:23] $cat.fontfamily
INFO [2021-05-09 01:01:23] [1] "arial"
INFO [2021-05-09 01:01:23] 
INFO [2021-05-09 01:01:23] $lty
INFO [2021-05-09 01:01:23] [1] 2
INFO [2021-05-09 01:01:23] 
INFO [2021-05-09 01:01:23] $filename
INFO [2021-05-09 01:01:23] NULL
INFO [2021-05-09 01:01:23] 
