INFO [2021-05-08 22:52:40] [[1]]
INFO [2021-05-08 22:52:40] l.list
INFO [2021-05-08 22:52:40] 
INFO [2021-05-08 22:52:40] $fill
INFO [2021-05-08 22:52:40] loonR::get.palette.color(palette = palette, n = length(l.list))
INFO [2021-05-08 22:52:40] 
INFO [2021-05-08 22:52:40] $alpha
INFO [2021-05-08 22:52:40] alpha
INFO [2021-05-08 22:52:40] 
INFO [2021-05-08 22:52:40] $cex
INFO [2021-05-08 22:52:40] [1] 2
INFO [2021-05-08 22:52:40] 
INFO [2021-05-08 22:52:40] $cat.fontfamily
INFO [2021-05-08 22:52:40] [1] "arial"
INFO [2021-05-08 22:52:40] 
INFO [2021-05-08 22:52:40] $lty
INFO [2021-05-08 22:52:40] [1] 2
INFO [2021-05-08 22:52:40] 
INFO [2021-05-08 22:52:40] $filename
INFO [2021-05-08 22:52:40] NULL
INFO [2021-05-08 22:52:40] 
