INFO [2021-05-08 23:00:53] [[1]]
INFO [2021-05-08 23:00:53] l.list
INFO [2021-05-08 23:00:53] 
INFO [2021-05-08 23:00:53] $fill
INFO [2021-05-08 23:00:53] loonR::get.palette.color(palette = palette, n = length(l.list))
INFO [2021-05-08 23:00:53] 
INFO [2021-05-08 23:00:53] $alpha
INFO [2021-05-08 23:00:53] alpha
INFO [2021-05-08 23:00:53] 
INFO [2021-05-08 23:00:53] $cex
INFO [2021-05-08 23:00:53] [1] 2
INFO [2021-05-08 23:00:53] 
INFO [2021-05-08 23:00:53] $cat.fontfamily
INFO [2021-05-08 23:00:53] [1] "arial"
INFO [2021-05-08 23:00:53] 
INFO [2021-05-08 23:00:53] $lty
INFO [2021-05-08 23:00:53] [1] 2
INFO [2021-05-08 23:00:53] 
INFO [2021-05-08 23:00:53] $filename
INFO [2021-05-08 23:00:53] NULL
INFO [2021-05-08 23:00:53] 
