INFO [2021-05-08 22:57:43] [[1]]
INFO [2021-05-08 22:57:43] l.list
INFO [2021-05-08 22:57:43] 
INFO [2021-05-08 22:57:43] $fill
INFO [2021-05-08 22:57:43] loonR::get.palette.color(palette = palette, n = length(l.list))
INFO [2021-05-08 22:57:43] 
INFO [2021-05-08 22:57:43] $alpha
INFO [2021-05-08 22:57:43] alpha
INFO [2021-05-08 22:57:43] 
INFO [2021-05-08 22:57:43] $cex
INFO [2021-05-08 22:57:43] [1] 2
INFO [2021-05-08 22:57:43] 
INFO [2021-05-08 22:57:43] $cat.fontfamily
INFO [2021-05-08 22:57:43] [1] "arial"
INFO [2021-05-08 22:57:43] 
INFO [2021-05-08 22:57:43] $lty
INFO [2021-05-08 22:57:43] [1] 2
INFO [2021-05-08 22:57:43] 
INFO [2021-05-08 22:57:43] $filename
INFO [2021-05-08 22:57:43] NULL
INFO [2021-05-08 22:57:43] 
