INFO [2021-05-09 00:58:48] [[1]]
INFO [2021-05-09 00:58:48] l.list
INFO [2021-05-09 00:58:48] 
INFO [2021-05-09 00:58:48] $fill
INFO [2021-05-09 00:58:48] loonR::get.palette.color(palette = palette, n = length(l.list))
INFO [2021-05-09 00:58:48] 
INFO [2021-05-09 00:58:48] $alpha
INFO [2021-05-09 00:58:48] alpha
INFO [2021-05-09 00:58:48] 
INFO [2021-05-09 00:58:48] $cex
INFO [2021-05-09 00:58:48] [1] 2
INFO [2021-05-09 00:58:48] 
INFO [2021-05-09 00:58:48] $cat.fontfamily
INFO [2021-05-09 00:58:48] [1] "arial"
INFO [2021-05-09 00:58:48] 
INFO [2021-05-09 00:58:48] $lty
INFO [2021-05-09 00:58:48] [1] 2
INFO [2021-05-09 00:58:48] 
INFO [2021-05-09 00:58:48] $filename
INFO [2021-05-09 00:58:48] NULL
INFO [2021-05-09 00:58:48] 
