INFO [2021-05-09 01:03:52] [[1]]
INFO [2021-05-09 01:03:52] l.list
INFO [2021-05-09 01:03:52] 
INFO [2021-05-09 01:03:52] $fill
INFO [2021-05-09 01:03:52] loonR::get.palette.color(palette = palette, n = length(l.list))
INFO [2021-05-09 01:03:52] 
INFO [2021-05-09 01:03:52] $alpha
INFO [2021-05-09 01:03:52] alpha
INFO [2021-05-09 01:03:52] 
INFO [2021-05-09 01:03:52] $cex
INFO [2021-05-09 01:03:52] [1] 2
INFO [2021-05-09 01:03:52] 
INFO [2021-05-09 01:03:52] $cat.fontfamily
INFO [2021-05-09 01:03:52] [1] "arial"
INFO [2021-05-09 01:03:52] 
INFO [2021-05-09 01:03:52] $lty
INFO [2021-05-09 01:03:52] [1] 2
INFO [2021-05-09 01:03:52] 
INFO [2021-05-09 01:03:52] $filename
INFO [2021-05-09 01:03:52] NULL
INFO [2021-05-09 01:03:52] 
