INFO [2021-05-08 22:50:35] [[1]]
INFO [2021-05-08 22:50:35] l.list
INFO [2021-05-08 22:50:35] 
INFO [2021-05-08 22:50:35] $fill
INFO [2021-05-08 22:50:35] loonR::get.palette.color(palette = palette, n = length(l.list))
INFO [2021-05-08 22:50:35] 
INFO [2021-05-08 22:50:35] $alpha
INFO [2021-05-08 22:50:35] alpha
INFO [2021-05-08 22:50:35] 
INFO [2021-05-08 22:50:35] $cex
INFO [2021-05-08 22:50:35] [1] 2
INFO [2021-05-08 22:50:35] 
INFO [2021-05-08 22:50:35] $cat.fontfamily
INFO [2021-05-08 22:50:35] [1] "arial"
INFO [2021-05-08 22:50:35] 
INFO [2021-05-08 22:50:35] $lty
INFO [2021-05-08 22:50:35] [1] 2
INFO [2021-05-08 22:50:35] 
INFO [2021-05-08 22:50:35] $filename
INFO [2021-05-08 22:50:35] NULL
INFO [2021-05-08 22:50:35] 
