INFO [2021-05-08 23:38:45] [[1]]
INFO [2021-05-08 23:38:45] l.list
INFO [2021-05-08 23:38:45] 
INFO [2021-05-08 23:38:45] $fill
INFO [2021-05-08 23:38:45] loonR::get.palette.color(palette = palette, n = length(l.list))
INFO [2021-05-08 23:38:45] 
INFO [2021-05-08 23:38:45] $alpha
INFO [2021-05-08 23:38:45] alpha
INFO [2021-05-08 23:38:45] 
INFO [2021-05-08 23:38:45] $cex
INFO [2021-05-08 23:38:45] [1] 2
INFO [2021-05-08 23:38:45] 
INFO [2021-05-08 23:38:45] $cat.fontfamily
INFO [2021-05-08 23:38:45] [1] "arial"
INFO [2021-05-08 23:38:45] 
INFO [2021-05-08 23:38:45] $lty
INFO [2021-05-08 23:38:45] [1] 2
INFO [2021-05-08 23:38:45] 
INFO [2021-05-08 23:38:45] $filename
INFO [2021-05-08 23:38:45] NULL
INFO [2021-05-08 23:38:45] 
